<?xml version="1.0" encoding="UTF-8"?>
<testng-results skipped="0" failed="0" ignored="0" total="1" passed="1">
  <reporter-output>
  </reporter-output>
  <suite name="Suite" duration-ms="7529" started-at="2018-02-12T13:07:01Z" finished-at="2018-02-12T13:07:09Z">
    <groups>
    </groups>
    <test name="Test" duration-ms="7529" started-at="2018-02-12T13:07:01Z" finished-at="2018-02-12T13:07:09Z">
      <class name="Ex1.HipoTest">
        <test-method status="PASS" signature="logare()[pri:0, instance:Ex1.HipoTest@80503]" name="logare" is-config="true" duration-ms="3494" started-at="2018-02-12T15:07:01Z" finished-at="2018-02-12T15:07:05Z">
          <reporter-output>
          </reporter-output>
        </test-method> <!-- logare -->
        <test-method status="PASS" signature="test()[pri:0, instance:Ex1.HipoTest@80503]" name="test" duration-ms="4022" started-at="2018-02-12T15:07:05Z" finished-at="2018-02-12T15:07:09Z">
          <reporter-output>
          </reporter-output>
        </test-method> <!-- test -->
      </class> <!-- Ex1.HipoTest -->
    </test> <!-- Test -->
  </suite> <!-- Suite -->
</testng-results>
