<?xml version="1.0" encoding="UTF-8"?>
<testng-results skipped="0" failed="0" ignored="0" total="0" passed="0">
  <reporter-output>
  </reporter-output>
  <suite name="itestM.AppTest" duration-ms="6" started-at="2018-05-25T07:22:26Z" finished-at="2018-05-25T07:22:26Z">
    <groups>
    </groups>
    <test name="Command line test" duration-ms="6" started-at="2018-05-25T07:22:26Z" finished-at="2018-05-25T07:22:26Z">
    </test> <!-- Command line test -->
  </suite> <!-- itestM.AppTest -->
</testng-results>
