<?xml version="1.0" encoding="UTF-8"?>
<testng-results skipped="0" failed="0" ignored="0" total="1" passed="1">
  <reporter-output>
  </reporter-output>
  <suite name="Default suite" duration-ms="56326" started-at="2018-05-29T12:45:07Z" finished-at="2018-05-29T12:46:03Z">
    <groups>
    </groups>
    <test name="Default test" duration-ms="56326" started-at="2018-05-29T12:45:07Z" finished-at="2018-05-29T12:46:03Z">
      <class name="itestM.App">
        <test-method status="PASS" signature="inainte()[pri:0, instance:itestM.App@6a41eaa2]" name="inainte" is-config="true" duration-ms="9404" started-at="2018-05-29T12:45:07Z" finished-at="2018-05-29T12:45:16Z">
          <reporter-output>
          </reporter-output>
        </test-method> <!-- inainte -->
        <test-method status="PASS" signature="testare1()[pri:0, instance:itestM.App@6a41eaa2]" name="testare1" duration-ms="46892" started-at="2018-05-29T12:45:16Z" finished-at="2018-05-29T12:46:03Z">
          <reporter-output>
          </reporter-output>
        </test-method> <!-- testare1 -->
        <test-method status="PASS" signature="afisare()[pri:0, instance:itestM.App@6a41eaa2]" name="afisare" is-config="true" duration-ms="0" started-at="2018-05-29T12:46:03Z" finished-at="2018-05-29T12:46:03Z">
          <reporter-output>
          </reporter-output>
        </test-method> <!-- afisare -->
      </class> <!-- itestM.App -->
    </test> <!-- Default test -->
  </suite> <!-- Default suite -->
</testng-results>
