<?xml version="1.0" encoding="UTF-8"?>
<testng-results skipped="0" failed="0" ignored="0" total="1" passed="1">
  <reporter-output>
  </reporter-output>
  <suite name="Suite" duration-ms="52779" started-at="2018-05-31T12:03:42Z" finished-at="2018-05-31T12:04:35Z">
    <groups>
    </groups>
    <test name="Test" duration-ms="52779" started-at="2018-05-31T12:03:42Z" finished-at="2018-05-31T12:04:35Z">
      <class name="testN1.App">
        <test-method status="PASS" signature="deschidePagini()[pri:0, instance:testN1.App@3f3afe78]" name="deschidePagini" is-config="true" duration-ms="13" started-at="2018-05-31T12:03:42Z" finished-at="2018-05-31T12:03:42Z">
          <reporter-output>
          </reporter-output>
        </test-method> <!-- deschidePagini -->
        <test-method status="PASS" signature="testare1()[pri:0, instance:testN1.App@3f3afe78]" name="testare1" duration-ms="52738" started-at="2018-05-31T12:03:42Z" finished-at="2018-05-31T12:04:35Z">
          <reporter-output>
          </reporter-output>
        </test-method> <!-- testare1 -->
        <test-method status="PASS" signature="dupaTest()[pri:0, instance:testN1.App@3f3afe78]" name="dupaTest" is-config="true" duration-ms="2" started-at="2018-05-31T12:04:35Z" finished-at="2018-05-31T12:04:35Z">
          <reporter-output>
          </reporter-output>
        </test-method> <!-- dupaTest -->
      </class> <!-- testN1.App -->
    </test> <!-- Test -->
  </suite> <!-- Suite -->
</testng-results>
