<?xml version="1.0" encoding="UTF-8"?>
<testng-results skipped="0" failed="0" ignored="0" total="1" passed="1">
  <reporter-output>
  </reporter-output>
  <suite name="Default suite" duration-ms="110580" started-at="2018-05-30T19:30:21Z" finished-at="2018-05-30T19:32:12Z">
    <groups>
    </groups>
    <test name="Default test" duration-ms="110580" started-at="2018-05-30T19:30:21Z" finished-at="2018-05-30T19:32:12Z">
      <class name="testN1.App">
        <test-method status="PASS" signature="deschidePagini()[pri:0, instance:testN1.App@7ed7259e]" name="deschidePagini" is-config="true" duration-ms="22" started-at="2018-05-30T19:30:21Z" finished-at="2018-05-30T19:30:21Z">
          <reporter-output>
          </reporter-output>
        </test-method> <!-- deschidePagini -->
        <test-method status="PASS" signature="testare1()[pri:0, instance:testN1.App@7ed7259e]" name="testare1" duration-ms="99080" started-at="2018-05-30T19:30:21Z" finished-at="2018-05-30T19:32:00Z">
          <reporter-output>
          </reporter-output>
        </test-method> <!-- testare1 -->
      </class> <!-- testN1.App -->
    </test> <!-- Default test -->
  </suite> <!-- Default suite -->
</testng-results>
